<?xml version="1.0" encoding="UTF-8"?>
<testsuite xmlns:xsi="http://www.w3.org/2001/XMLSchema-instance" xsi:noNamespaceSchemaLocation="https://maven.apache.org/surefire/maven-surefire-plugin/xsd/surefire-test-report.xsd" name="io.sim.AppTest" time="0.004" tests="0" errors="0" skipped="0" failures="0">
  <properties>
    <property name="java.specification.version" value="21"/>
    <property name="sun.cpu.isalist" value="amd64"/>
    <property name="sun.jnu.encoding" value="Cp1252"/>
    <property name="java.class.path" value="Z:\Meu Drive\7° periodo\Automação avançada\sumosimulator\target\test-classes;Z:\Meu Drive\7° periodo\Automação avançada\sumosimulator\target\classes;C:\Users\whilk\.m2\repository\org\slf4j\slf4j-api\2.0.7\slf4j-api-2.0.7.jar;C:\Users\whilk\.m2\repository\xerces\xercesImpl\2.12.2\xercesImpl-2.12.2.jar;C:\Users\whilk\.m2\repository\xml-apis\xml-apis\1.4.01\xml-apis-1.4.01.jar;C:\Users\whilk\.m2\repository\org\hamcrest\hamcrest-core\1.3\hamcrest-core-1.3.jar;C:\Users\whilk\.m2\repository\junit\junit\junit\junit-junit.jar;C:\Users\whilk\.m2\repository\libsumo-1\18\0\libsumo-1.18.0\libsumo-1.18.0\libsumo-1.18.0-libsumo-1.18.0.jar;C:\Users\whilk\.m2\repository\libsumo-1\18\0-sources\libsumo-1.18.0-sources\libsumo-1.18.0-sources\libsumo-1.18.0-sources-libsumo-1.18.0-sources.jar;C:\Users\whilk\.m2\repository\libtraci-1\18\0\libtraci-1.18.0\libtraci-1.18.0\libtraci-1.18.0-libtraci-1.18.0.jar;C:\Users\whilk\.m2\repository\libtraci-1\18\0-sources\libtraci-1.18.0-sources\libtraci-1.18.0-sources\libtraci-1.18.0-sources-libtraci-1.18.0-sources.jar;C:\Users\whilk\.m2\repository\lisum-core\lisum-core\lisum-core\lisum-core-lisum-core.jar;C:\Users\whilk\.m2\repository\lisum-gui\lisum-gui\lisum-gui\lisum-gui-lisum-gui.jar;C:\Users\whilk\.m2\repository\TraaS\TraaS\TraaS\TraaS-TraaS.jar;C:\Users\whilk\.m2\repository\org\python\jython-slim\2.7.3\jython-slim-2.7.3.jar;C:\Users\whilk\.m2\repository\org\antlr\antlr\3.5.2\antlr-3.5.2.jar;C:\Users\whilk\.m2\repository\org\antlr\ST4\4.0.8\ST4-4.0.8.jar;C:\Users\whilk\.m2\repository\javax\servlet\javax.servlet-api\3.1.0\javax.servlet-api-3.1.0.jar;C:\Users\whilk\.m2\repository\org\antlr\antlr-runtime\3.5.2\antlr-runtime-3.5.2.jar;C:\Users\whilk\.m2\repository\org\apache\commons\commons-compress\1.21\commons-compress-1.21.jar;C:\Users\whilk\.m2\repository\org\bouncycastle\bcpkix-jdk18on\1.71\bcpkix-jdk18on-1.71.jar;C:\Users\whilk\.m2\repository\org\bouncycastle\bcutil-jdk18on\1.71\bcutil-jdk18on-1.71.jar;C:\Users\whilk\.m2\repository\org\bouncycastle\bcprov-jdk18on\1.71\bcprov-jdk18on-1.71.jar;C:\Users\whilk\.m2\repository\org\ow2\asm\asm\9.3\asm-9.3.jar;C:\Users\whilk\.m2\repository\org\ow2\asm\asm-commons\9.3\asm-commons-9.3.jar;C:\Users\whilk\.m2\repository\org\ow2\asm\asm-tree\9.3\asm-tree-9.3.jar;C:\Users\whilk\.m2\repository\org\ow2\asm\asm-analysis\9.3\asm-analysis-9.3.jar;C:\Users\whilk\.m2\repository\org\ow2\asm\asm-util\9.3\asm-util-9.3.jar;C:\Users\whilk\.m2\repository\com\google\guava\guava\31.0.1-jre\guava-31.0.1-jre.jar;C:\Users\whilk\.m2\repository\com\google\guava\failureaccess\1.0.1\failureaccess-1.0.1.jar;C:\Users\whilk\.m2\repository\com\google\guava\listenablefuture\9999.0-empty-to-avoid-conflict-with-guava\listenablefuture-9999.0-empty-to-avoid-conflict-with-guava.jar;C:\Users\whilk\.m2\repository\com\google\code\findbugs\jsr305\3.0.2\jsr305-3.0.2.jar;C:\Users\whilk\.m2\repository\org\checkerframework\checker-qual\3.12.0\checker-qual-3.12.0.jar;C:\Users\whilk\.m2\repository\com\google\errorprone\error_prone_annotations\2.7.1\error_prone_annotations-2.7.1.jar;C:\Users\whilk\.m2\repository\com\google\j2objc\j2objc-annotations\1.3\j2objc-annotations-1.3.jar;C:\Users\whilk\.m2\repository\com\ibm\icu\icu4j\71.1\icu4j-71.1.jar;C:\Users\whilk\.m2\repository\com\carrotsearch\java-sizeof\0.0.5\java-sizeof-0.0.5.jar;C:\Users\whilk\.m2\repository\com\github\jnr\jffi\1.3.9\jffi-1.3.9.jar;C:\Users\whilk\.m2\repository\com\github\jnr\jnr-constants\0.10.3\jnr-constants-0.10.3.jar;C:\Users\whilk\.m2\repository\com\github\jnr\jnr-ffi\2.2.12\jnr-ffi-2.2.12.jar;C:\Users\whilk\.m2\repository\com\github\jnr\jffi\1.3.9\jffi-1.3.9-native.jar;C:\Users\whilk\.m2\repository\com\github\jnr\jnr-a64asm\1.0.0\jnr-a64asm-1.0.0.jar;C:\Users\whilk\.m2\repository\com\github\jnr\jnr-x86asm\1.0.2\jnr-x86asm-1.0.2.jar;C:\Users\whilk\.m2\repository\com\github\jnr\jnr-netdb\1.2.0\jnr-netdb-1.2.0.jar;C:\Users\whilk\.m2\repository\com\github\jnr\jnr-posix\3.1.15\jnr-posix-3.1.15.jar;C:\Users\whilk\.m2\repository\jline\jline\2.14.5\jline-2.14.5.jar;C:\Users\whilk\.m2\repository\io\netty\netty-buffer\4.1.73.Final\netty-buffer-4.1.73.Final.jar;C:\Users\whilk\.m2\repository\io\netty\netty-codec\4.1.73.Final\netty-codec-4.1.73.Final.jar;C:\Users\whilk\.m2\repository\io\netty\netty-common\4.1.73.Final\netty-common-4.1.73.Final.jar;C:\Users\whilk\.m2\repository\io\netty\netty-handler\4.1.73.Final\netty-handler-4.1.73.Final.jar;C:\Users\whilk\.m2\repository\io\netty\netty-tcnative-classes\2.0.46.Final\netty-tcnative-classes-2.0.46.Final.jar;C:\Users\whilk\.m2\repository\io\netty\netty-resolver\4.1.73.Final\netty-resolver-4.1.73.Final.jar;C:\Users\whilk\.m2\repository\io\netty\netty-transport\4.1.73.Final\netty-transport-4.1.73.Final.jar;C:\Users\whilk\.m2\repository\org\apache\ant\ant\1.10.12\ant-1.10.12.jar;C:\Users\whilk\.m2\repository\org\apache\ant\ant-launcher\1.10.12\ant-launcher-1.10.12.jar;"/>
    <property name="java.vm.vendor" value="Oracle Corporation"/>
    <property name="sun.arch.data.model" value="64"/>
    <property name="user.variant" value=""/>
    <property name="java.vendor.url" value="https://java.oracle.com/"/>
    <property name="user.timezone" value="America/Sao_Paulo"/>
    <property name="os.name" value="Windows 11"/>
    <property name="java.vm.specification.version" value="21"/>
    <property name="sun.java.launcher" value="SUN_STANDARD"/>
    <property name="user.country" value="BR"/>
    <property name="sun.boot.library.path" value="C:\Program Files\Java\jdk-21\bin"/>
    <property name="sun.java.command" value="C:\Users\whilk\AppData\Local\Temp\surefire15921924954535467951\surefirebooter1926425425237128446.jar C:\Users\whilk\AppData\Local\Temp\surefire15921924954535467951 2025-03-24T22-45-54_778-jvmRun1 surefire8711789462485405931tmp surefire_018140781514338997210tmp"/>
    <property name="jdk.debug" value="release"/>
    <property name="surefire.test.class.path" value="Z:\Meu Drive\7° periodo\Automação avançada\sumosimulator\target\test-classes;Z:\Meu Drive\7° periodo\Automação avançada\sumosimulator\target\classes;C:\Users\whilk\.m2\repository\org\slf4j\slf4j-api\2.0.7\slf4j-api-2.0.7.jar;C:\Users\whilk\.m2\repository\xerces\xercesImpl\2.12.2\xercesImpl-2.12.2.jar;C:\Users\whilk\.m2\repository\xml-apis\xml-apis\1.4.01\xml-apis-1.4.01.jar;C:\Users\whilk\.m2\repository\org\hamcrest\hamcrest-core\1.3\hamcrest-core-1.3.jar;C:\Users\whilk\.m2\repository\junit\junit\junit\junit-junit.jar;C:\Users\whilk\.m2\repository\libsumo-1\18\0\libsumo-1.18.0\libsumo-1.18.0\libsumo-1.18.0-libsumo-1.18.0.jar;C:\Users\whilk\.m2\repository\libsumo-1\18\0-sources\libsumo-1.18.0-sources\libsumo-1.18.0-sources\libsumo-1.18.0-sources-libsumo-1.18.0-sources.jar;C:\Users\whilk\.m2\repository\libtraci-1\18\0\libtraci-1.18.0\libtraci-1.18.0\libtraci-1.18.0-libtraci-1.18.0.jar;C:\Users\whilk\.m2\repository\libtraci-1\18\0-sources\libtraci-1.18.0-sources\libtraci-1.18.0-sources\libtraci-1.18.0-sources-libtraci-1.18.0-sources.jar;C:\Users\whilk\.m2\repository\lisum-core\lisum-core\lisum-core\lisum-core-lisum-core.jar;C:\Users\whilk\.m2\repository\lisum-gui\lisum-gui\lisum-gui\lisum-gui-lisum-gui.jar;C:\Users\whilk\.m2\repository\TraaS\TraaS\TraaS\TraaS-TraaS.jar;C:\Users\whilk\.m2\repository\org\python\jython-slim\2.7.3\jython-slim-2.7.3.jar;C:\Users\whilk\.m2\repository\org\antlr\antlr\3.5.2\antlr-3.5.2.jar;C:\Users\whilk\.m2\repository\org\antlr\ST4\4.0.8\ST4-4.0.8.jar;C:\Users\whilk\.m2\repository\javax\servlet\javax.servlet-api\3.1.0\javax.servlet-api-3.1.0.jar;C:\Users\whilk\.m2\repository\org\antlr\antlr-runtime\3.5.2\antlr-runtime-3.5.2.jar;C:\Users\whilk\.m2\repository\org\apache\commons\commons-compress\1.21\commons-compress-1.21.jar;C:\Users\whilk\.m2\repository\org\bouncycastle\bcpkix-jdk18on\1.71\bcpkix-jdk18on-1.71.jar;C:\Users\whilk\.m2\repository\org\bouncycastle\bcutil-jdk18on\1.71\bcutil-jdk18on-1.71.jar;C:\Users\whilk\.m2\repository\org\bouncycastle\bcprov-jdk18on\1.71\bcprov-jdk18on-1.71.jar;C:\Users\whilk\.m2\repository\org\ow2\asm\asm\9.3\asm-9.3.jar;C:\Users\whilk\.m2\repository\org\ow2\asm\asm-commons\9.3\asm-commons-9.3.jar;C:\Users\whilk\.m2\repository\org\ow2\asm\asm-tree\9.3\asm-tree-9.3.jar;C:\Users\whilk\.m2\repository\org\ow2\asm\asm-analysis\9.3\asm-analysis-9.3.jar;C:\Users\whilk\.m2\repository\org\ow2\asm\asm-util\9.3\asm-util-9.3.jar;C:\Users\whilk\.m2\repository\com\google\guava\guava\31.0.1-jre\guava-31.0.1-jre.jar;C:\Users\whilk\.m2\repository\com\google\guava\failureaccess\1.0.1\failureaccess-1.0.1.jar;C:\Users\whilk\.m2\repository\com\google\guava\listenablefuture\9999.0-empty-to-avoid-conflict-with-guava\listenablefuture-9999.0-empty-to-avoid-conflict-with-guava.jar;C:\Users\whilk\.m2\repository\com\google\code\findbugs\jsr305\3.0.2\jsr305-3.0.2.jar;C:\Users\whilk\.m2\repository\org\checkerframework\checker-qual\3.12.0\checker-qual-3.12.0.jar;C:\Users\whilk\.m2\repository\com\google\errorprone\error_prone_annotations\2.7.1\error_prone_annotations-2.7.1.jar;C:\Users\whilk\.m2\repository\com\google\j2objc\j2objc-annotations\1.3\j2objc-annotations-1.3.jar;C:\Users\whilk\.m2\repository\com\ibm\icu\icu4j\71.1\icu4j-71.1.jar;C:\Users\whilk\.m2\repository\com\carrotsearch\java-sizeof\0.0.5\java-sizeof-0.0.5.jar;C:\Users\whilk\.m2\repository\com\github\jnr\jffi\1.3.9\jffi-1.3.9.jar;C:\Users\whilk\.m2\repository\com\github\jnr\jnr-constants\0.10.3\jnr-constants-0.10.3.jar;C:\Users\whilk\.m2\repository\com\github\jnr\jnr-ffi\2.2.12\jnr-ffi-2.2.12.jar;C:\Users\whilk\.m2\repository\com\github\jnr\jffi\1.3.9\jffi-1.3.9-native.jar;C:\Users\whilk\.m2\repository\com\github\jnr\jnr-a64asm\1.0.0\jnr-a64asm-1.0.0.jar;C:\Users\whilk\.m2\repository\com\github\jnr\jnr-x86asm\1.0.2\jnr-x86asm-1.0.2.jar;C:\Users\whilk\.m2\repository\com\github\jnr\jnr-netdb\1.2.0\jnr-netdb-1.2.0.jar;C:\Users\whilk\.m2\repository\com\github\jnr\jnr-posix\3.1.15\jnr-posix-3.1.15.jar;C:\Users\whilk\.m2\repository\jline\jline\2.14.5\jline-2.14.5.jar;C:\Users\whilk\.m2\repository\io\netty\netty-buffer\4.1.73.Final\netty-buffer-4.1.73.Final.jar;C:\Users\whilk\.m2\repository\io\netty\netty-codec\4.1.73.Final\netty-codec-4.1.73.Final.jar;C:\Users\whilk\.m2\repository\io\netty\netty-common\4.1.73.Final\netty-common-4.1.73.Final.jar;C:\Users\whilk\.m2\repository\io\netty\netty-handler\4.1.73.Final\netty-handler-4.1.73.Final.jar;C:\Users\whilk\.m2\repository\io\netty\netty-tcnative-classes\2.0.46.Final\netty-tcnative-classes-2.0.46.Final.jar;C:\Users\whilk\.m2\repository\io\netty\netty-resolver\4.1.73.Final\netty-resolver-4.1.73.Final.jar;C:\Users\whilk\.m2\repository\io\netty\netty-transport\4.1.73.Final\netty-transport-4.1.73.Final.jar;C:\Users\whilk\.m2\repository\org\apache\ant\ant\1.10.12\ant-1.10.12.jar;C:\Users\whilk\.m2\repository\org\apache\ant\ant-launcher\1.10.12\ant-launcher-1.10.12.jar;"/>
    <property name="sun.cpu.endian" value="little"/>
    <property name="user.home" value="C:\Users\whilk"/>
    <property name="user.language" value="pt"/>
    <property name="java.specification.vendor" value="Oracle Corporation"/>
    <property name="java.version.date" value="2025-01-21"/>
    <property name="java.home" value="C:\Program Files\Java\jdk-21"/>
    <property name="file.separator" value="\"/>
    <property name="basedir" value="Z:\Meu Drive\7° periodo\Automação avançada\sumosimulator"/>
    <property name="java.vm.compressedOopsMode" value="Zero based"/>
    <property name="line.separator" value="&#10;"/>
    <property name="java.vm.specification.vendor" value="Oracle Corporation"/>
    <property name="java.specification.name" value="Java Platform API Specification"/>
    <property name="surefire.real.class.path" value="C:\Users\whilk\AppData\Local\Temp\surefire15921924954535467951\surefirebooter1926425425237128446.jar"/>
    <property name="user.script" value=""/>
    <property name="sun.management.compiler" value="HotSpot 64-Bit Tiered Compilers"/>
    <property name="java.runtime.version" value="21.0.6+8-LTS-188"/>
    <property name="user.name" value="whilk"/>
    <property name="stdout.encoding" value="Cp1252"/>
    <property name="path.separator" value=";"/>
    <property name="os.version" value="10.0"/>
    <property name="java.runtime.name" value="Java(TM) SE Runtime Environment"/>
    <property name="file.encoding" value="UTF-8"/>
    <property name="java.vm.name" value="Java HotSpot(TM) 64-Bit Server VM"/>
    <property name="localRepository" value="C:\Users\whilk\.m2\repository"/>
    <property name="java.vendor.url.bug" value="https://bugreport.java.com/bugreport/"/>
    <property name="java.io.tmpdir" value="C:\Users\whilk\AppData\Local\Temp\"/>
    <property name="java.version" value="21.0.6"/>
    <property name="user.dir" value="Z:\Meu Drive\7° periodo\Automação avançada\sumosimulator"/>
    <property name="os.arch" value="amd64"/>
    <property name="java.vm.specification.name" value="Java Virtual Machine Specification"/>
    <property name="sun.os.patch.level" value=""/>
    <property name="native.encoding" value="Cp1252"/>
    <property name="java.library.path" value="C:\Program Files\Java\jdk-21\bin;C:\WINDOWS\Sun\Java\bin;C:\WINDOWS\system32;C:\WINDOWS;C:\Users\whilk\bin;C:\Program Files\Git\mingw64\bin;C:\Program Files\Git\usr\local\bin;C:\Program Files\Git\usr\bin;C:\Program Files\Git\usr\bin;C:\Program Files\Git\mingw64\bin;C:\Program Files\Git\usr\bin;C:\Users\whilk\bin;C:\Program Files\Common Files\Oracle\Java\javapath;C:\WINDOWS\system32;C:\WINDOWS;C:\WINDOWS\System32\Wbem;C:\WINDOWS\System32\WindowsPowerShell\v1.0;C:\WINDOWS\System32\OpenSSH;C:\Program Files\dotnet;C:\Program Files\NVIDIA Corporation\NVIDIA app\NvDLISR;C:\Program Files (x86)\NVIDIA Corporation\PhysX\Common;C:\Program Files\Git\cmd;C:\Program Files\MATLAB\R2024b\bin;C:\MinGW\bin;C:\Program Files (x86)\Eclipse\Sumo\bin;C:\Program Files (x86)\Eclipse\Sumo\tools;C:\Program Files\apache-maven-3.9.9\bin;C:\Users\whilk\AppData\Local\Microsoft\WindowsApps;C:\Users\whilk\AppData\Local\Programs\Microsoft VS Code\bin;C:\Users\whilk\AppData\Local\GitHubDesktop\bin;C:\Program Files\Git\usr\bin\vendor_perl;C:\Program Files\Git\usr\bin\core_perl;."/>
    <property name="java.vm.info" value="mixed mode, sharing"/>
    <property name="stderr.encoding" value="Cp1252"/>
    <property name="java.vendor" value="Oracle Corporation"/>
    <property name="java.vm.version" value="21.0.6+8-LTS-188"/>
    <property name="sun.io.unicode.encoding" value="UnicodeLittle"/>
    <property name="java.class.version" value="65.0"/>
  </properties>
</testsuite>